<?xml version="1.0" encoding="UTF-8"?>
<testng-results ignored="0" total="1" passed="1" failed="0" skipped="0">
  <reporter-output>
  </reporter-output>
  <suite started-at="2023-10-21T12:20:46 EDT" name="Default suite" finished-at="2023-10-21T12:21:09 EDT" duration-ms="22861">
    <groups>
    </groups>
    <test started-at="2023-10-21T12:20:46 EDT" name="Default test" finished-at="2023-10-21T12:21:09 EDT" duration-ms="22861">
      <class name="com.it.bd.tests.LoginTest">
        <test-method is-config="true" signature="startBrowser()[pri:0, instance:com.it.bd.tests.LoginTest@1e1a0406]" started-at="2023-10-21T12:20:40 EDT" name="startBrowser" finished-at="2023-10-21T12:20:46 EDT" duration-ms="5817" status="PASS">
          <reporter-output>
          </reporter-output>
        </test-method> <!-- startBrowser -->
        <test-method is-config="true" signature="start()[pri:0, instance:com.it.bd.tests.LoginTest@1e1a0406]" started-at="2023-10-21T12:20:46 EDT" name="start" finished-at="2023-10-21T12:20:57 EDT" duration-ms="11099" status="PASS">
          <reporter-output>
          </reporter-output>
        </test-method> <!-- start -->
        <test-method signature="loginTest()[pri:0, instance:com.it.bd.tests.LoginTest@1e1a0406]" started-at="2023-10-21T12:20:57 EDT" name="loginTest" finished-at="2023-10-21T12:21:09 EDT" duration-ms="11720" status="PASS">
          <reporter-output>
          </reporter-output>
        </test-method> <!-- loginTest -->
        <test-method is-config="true" signature="close()[pri:0, instance:com.it.bd.tests.LoginTest@1e1a0406]" started-at="2023-10-21T12:21:09 EDT" name="close" finished-at="2023-10-21T12:21:09 EDT" duration-ms="326" status="PASS">
          <reporter-output>
          </reporter-output>
        </test-method> <!-- close -->
      </class> <!-- com.it.bd.tests.LoginTest -->
    </test> <!-- Default test -->
  </suite> <!-- Default suite -->
</testng-results>
