<?xml version="1.0" encoding="UTF-8"?>
<!-- Generated by org.testng.reporters.JUnitXMLReporter -->
<testsuite ignored="2" hostname="Ebrahim" failures="0" tests="2" name="Test" time="61.891" errors="0" timestamp="2023-10-22T13:04:41 EDT">
  <testcase classname="com.it.bd.tests.LoginTest" name="loginTest" time="10.955"/>
  <testcase classname="com.it.bd.tests.DashboardTest" name="adminTest" time="11.286"/>
  <testcase classname="com.it.bd.basedrivers.BaseDriver" name="@BeforeSuite startBrowser" time="0.0">
    <ignored/>
  </testcase> <!-- @BeforeSuite startBrowser -->
  <testcase classname="com.it.bd.basedrivers.BaseDriver" name="@AfterSuite close" time="0.0">
    <ignored/>
  </testcase> <!-- @AfterSuite close -->
</testsuite> <!-- Test -->
